<?xml version="1.0" encoding="UTF-8"?>
<!-- Generated by org.testng.reporters.JUnitReportReporter -->
<testsuite hostname="LAPTOP-JLJQ2I3A" failures="0" tests="2" name="Practice.SoftAssertTest" time="0.020" errors="0" timestamp="2023-02-28T23:51:36 IST" skipped="0">
  <testcase classname="Practice.SoftAssertTest" name="creatcontact" time="0.019"/>
  <system-out/>
  <testcase classname="Practice.SoftAssertTest" name="modifyContact" time="0.001"/>
  <system-out/>
</testsuite> <!-- Practice.SoftAssertTest -->
