<?xml version="1.0" encoding="UTF-8"?>
<!-- Generated by org.testng.reporters.JUnitReportReporter -->
<testsuite hostname="LAPTOP-JLJQ2I3A" failures="0" tests="1" name="Practice.HardAssert" time="0.013" errors="0" timestamp="2023-02-28T21:46:03 IST" skipped="0">
  <testcase classname="Practice.HardAssert" name="Creat" time="0.013"/>
  <system-out/>
</testsuite> <!-- Practice.HardAssert -->
