<?xml version="1.0" encoding="UTF-8"?>
<!-- Generated by org.testng.reporters.JUnitReportReporter -->
<testsuite hostname="LAPTOP-JLJQ2I3A" failures="0" tests="4" name="Practice.TestNgPractice" time="0.008" errors="0" timestamp="2023-02-25T12:33:13 IST" skipped="0">
  <testcase classname="Practice.TestNgPractice" name="delectContact" time="0.001"/>
  <system-out/>
  <testcase classname="Practice.TestNgPractice" name="modifyContact" time="0.001"/>
  <system-out/>
  <testcase classname="Practice.TestNgPractice" name="createContact" time="0.006"/>
  <system-out/>
  <testcase classname="Practice.TestNgPractice" name="modifyContact" time="0.000"/>
  <system-out/>
</testsuite> <!-- Practice.TestNgPractice -->
