<?xml version="1.0" encoding="UTF-8"?>
<!-- Generated by org.testng.reporters.JUnitReportReporter -->
<testsuite hostname="LAPTOP-JLJQ2I3A" failures="0" tests="5" name="Practice.DataProviderPractice" time="0.006" errors="0" timestamp="2023-02-25T13:20:04 IST" skipped="0">
  <testcase classname="Practice.DataProviderPractice" name="bookTicket" time="0.001"/>
  <system-out/>
  <testcase classname="Practice.DataProviderPractice" name="bookTicket" time="0.001"/>
  <system-out/>
  <testcase classname="Practice.DataProviderPractice" name="bookTicket" time="0.003"/>
  <system-out/>
  <testcase classname="Practice.DataProviderPractice" name="bookTicket" time="0.000"/>
  <system-out/>
  <testcase classname="Practice.DataProviderPractice" name="bookTicket" time="0.001"/>
  <system-out/>
</testsuite> <!-- Practice.DataProviderPractice -->
