<?xml version="1.0" encoding="UTF-8"?>
<!-- Generated by org.testng.reporters.JUnitReportReporter -->
<testsuite hostname="LAPTOP-JLJQ2I3A" failures="0" tests="1" name="Campaign.CreatCampaign" time="15.624" errors="0" timestamp="2023-02-27T20:16:25 IST" skipped="0">
  <testcase classname="Campaign.CreatCampaign" name="CreatCampaign" time="15.624"/>
  <system-out/>
</testsuite> <!-- Campaign.CreatCampaign -->
